<?xml version="1.0" encoding="UTF-8"?>
<testng-results ignored="0" total="3" passed="2" failed="1" skipped="0">
  <reporter-output>
  </reporter-output>
  <suite started-at="2022-12-22T12:03:57 EST" name="Default suite" finished-at="2022-12-22T12:04:04 EST" duration-ms="6358">
    <groups>
    </groups>
    <test started-at="2022-12-22T12:03:57 EST" name="Default test" finished-at="2022-12-22T12:04:04 EST" duration-ms="6358">
      <class name="testng.amazomhomepage">
        <test-method is-config="true" signature="launchUrl()[pri:0, instance:testng.amazomhomepage@593aaf41]" started-at="2022-12-22T12:03:57 EST" name="launchUrl" finished-at="2022-12-22T12:04:03 EST" duration-ms="5967" status="PASS">
          <reporter-output>
          </reporter-output>
        </test-method> <!-- launchUrl -->
        <test-method signature="checktitle()[pri:1, instance:testng.amazomhomepage@593aaf41]" started-at="2022-12-22T12:04:03 EST" name="checktitle" finished-at="2022-12-22T12:04:03 EST" duration-ms="69" status="PASS">
          <reporter-output>
          </reporter-output>
        </test-method> <!-- checktitle -->
        <test-method signature="Search()[pri:2, instance:testng.amazomhomepage@593aaf41]" started-at="2022-12-22T12:04:03 EST" name="Search" finished-at="2022-12-22T12:04:04 EST" duration-ms="67" status="PASS">
          <reporter-output>
          </reporter-output>
        </test-method> <!-- Search -->
        <test-method signature="Logo()[pri:3, instance:testng.amazomhomepage@593aaf41]" started-at="2022-12-22T12:04:04 EST" name="Logo" finished-at="2022-12-22T12:04:04 EST" duration-ms="58" status="FAIL">
          <exception class="java.lang.AssertionError">
            <message>
              <![CDATA[The following asserts failed:
expected [false] but found [true]]]>
            </message>
            <full-stacktrace>
              <![CDATA[java.lang.AssertionError: The following asserts failed:
expected [false] but found [true]
at org.testng.asserts.SoftAssert.assertAll(SoftAssert.java:47)
at org.testng.asserts.SoftAssert.assertAll(SoftAssert.java:31)
at testng.amazomhomepage.Logo(amazomhomepage.java:38)
at java.base/jdk.internal.reflect.DirectMethodHandleAccessor.invoke(DirectMethodHandleAccessor.java:104)
at java.base/java.lang.reflect.Method.invoke(Method.java:578)
at org.testng.internal.MethodInvocationHelper.invokeMethod(MethodInvocationHelper.java:133)
at org.testng.internal.TestInvoker.invokeMethod(TestInvoker.java:598)
at org.testng.internal.TestInvoker.invokeTestMethod(TestInvoker.java:173)
at org.testng.internal.MethodRunner.runInSequence(MethodRunner.java:46)
at org.testng.internal.TestInvoker$MethodInvocationAgent.invoke(TestInvoker.java:824)
at org.testng.internal.TestInvoker.invokeTestMethods(TestInvoker.java:146)
at org.testng.internal.TestMethodWorker.invokeTestMethods(TestMethodWorker.java:146)
at org.testng.internal.TestMethodWorker.run(TestMethodWorker.java:128)
at java.base/java.util.ArrayList.forEach(ArrayList.java:1511)
at org.testng.TestRunner.privateRun(TestRunner.java:794)
at org.testng.TestRunner.run(TestRunner.java:596)
at org.testng.SuiteRunner.runTest(SuiteRunner.java:377)
at org.testng.SuiteRunner.runSequentially(SuiteRunner.java:371)
at org.testng.SuiteRunner.privateRun(SuiteRunner.java:332)
at org.testng.SuiteRunner.run(SuiteRunner.java:276)
at org.testng.SuiteRunnerWorker.runSuite(SuiteRunnerWorker.java:53)
at org.testng.SuiteRunnerWorker.run(SuiteRunnerWorker.java:96)
at org.testng.TestNG.runSuitesSequentially(TestNG.java:1212)
at org.testng.TestNG.runSuitesLocally(TestNG.java:1134)
at org.testng.TestNG.runSuites(TestNG.java:1063)
at org.testng.TestNG.run(TestNG.java:1031)
at org.testng.remote.AbstractRemoteTestNG.run(AbstractRemoteTestNG.java:115)
at org.testng.remote.RemoteTestNG.initAndRun(RemoteTestNG.java:251)
at org.testng.remote.RemoteTestNG.main(RemoteTestNG.java:77)
]]>
            </full-stacktrace>
          </exception> <!-- java.lang.AssertionError -->
          <reporter-output>
          </reporter-output>
        </test-method> <!-- Logo -->
        <test-method is-config="true" signature="Close()[pri:0, instance:testng.amazomhomepage@593aaf41]" started-at="2022-12-22T12:04:04 EST" name="Close" finished-at="2022-12-22T12:04:04 EST" duration-ms="144" status="PASS">
          <reporter-output>
          </reporter-output>
        </test-method> <!-- Close -->
      </class> <!-- testng.amazomhomepage -->
    </test> <!-- Default test -->
  </suite> <!-- Default suite -->
</testng-results>
